Performing C SOURCE FILE Test CMAKE_HAVE_LIBC_PTHREAD failed with the following output:
Change Dir: /home/marvintan/Chained-Block-Storage/build/CMakeFiles/CMakeTmp

Run Build Command(s):/bin/make cmTC_a4f74/fast && /bin/make -f CMakeFiles/cmTC_a4f74.dir/build.make CMakeFiles/cmTC_a4f74.dir/build
make[1]: Entering directory '/home/marvintan/Chained-Block-Storage/build/CMakeFiles/CMakeTmp'
Building C object CMakeFiles/cmTC_a4f74.dir/src.c.o
/usr/bin/gcc   -DCMAKE_HAVE_LIBC_PTHREAD   -o CMakeFiles/cmTC_a4f74.dir/src.c.o   -c /home/marvintan/Chained-Block-Storage/build/CMakeFiles/CMakeTmp/src.c
Linking C executable cmTC_a4f74
/usr/bin/cmake -E cmake_link_script CMakeFiles/cmTC_a4f74.dir/link.txt --verbose=1
/usr/bin/gcc  -DCMAKE_HAVE_LIBC_PTHREAD    CMakeFiles/cmTC_a4f74.dir/src.c.o  -o cmTC_a4f74 
/bin/ld: CMakeFiles/cmTC_a4f74.dir/src.c.o: in function `main':
src.c:(.text+0x46): undefined reference to `pthread_create'
/bin/ld: src.c:(.text+0x52): undefined reference to `pthread_detach'
/bin/ld: src.c:(.text+0x63): undefined reference to `pthread_join'
collect2: error: ld returned 1 exit status
make[1]: *** [CMakeFiles/cmTC_a4f74.dir/build.make:87: cmTC_a4f74] Error 1
make[1]: Leaving directory '/home/marvintan/Chained-Block-Storage/build/CMakeFiles/CMakeTmp'
make: *** [Makefile:121: cmTC_a4f74/fast] Error 2


Source file was:
#include <pthread.h>

void* test_func(void* data)
{
  return data;
}

int main(void)
{
  pthread_t thread;
  pthread_create(&thread, NULL, test_func, NULL);
  pthread_detach(thread);
  pthread_join(thread, NULL);
  pthread_atfork(NULL, NULL, NULL);
  pthread_exit(NULL);

  return 0;
}

Determining if the function pthread_create exists in the pthreads failed with the following output:
Change Dir: /home/marvintan/Chained-Block-Storage/build/CMakeFiles/CMakeTmp

Run Build Command(s):/bin/make cmTC_68f5d/fast && /bin/make -f CMakeFiles/cmTC_68f5d.dir/build.make CMakeFiles/cmTC_68f5d.dir/build
make[1]: Entering directory '/home/marvintan/Chained-Block-Storage/build/CMakeFiles/CMakeTmp'
Building C object CMakeFiles/cmTC_68f5d.dir/CheckFunctionExists.c.o
/usr/bin/gcc   -DCHECK_FUNCTION_EXISTS=pthread_create   -o CMakeFiles/cmTC_68f5d.dir/CheckFunctionExists.c.o   -c /usr/share/cmake-3.16/Modules/CheckFunctionExists.c
Linking C executable cmTC_68f5d
/usr/bin/cmake -E cmake_link_script CMakeFiles/cmTC_68f5d.dir/link.txt --verbose=1
/usr/bin/gcc  -DCHECK_FUNCTION_EXISTS=pthread_create    CMakeFiles/cmTC_68f5d.dir/CheckFunctionExists.c.o  -o cmTC_68f5d  -lpthreads 
/bin/ld: cannot find -lpthreads
collect2: error: ld returned 1 exit status
make[1]: *** [CMakeFiles/cmTC_68f5d.dir/build.make:87: cmTC_68f5d] Error 1
make[1]: Leaving directory '/home/marvintan/Chained-Block-Storage/build/CMakeFiles/CMakeTmp'
make: *** [Makefile:121: cmTC_68f5d/fast] Error 2



